#
# A fatal error has been detected by the Java Runtime Environment:
#
#  Internal Error (javaClasses.cpp:129), pid=5643, tid=3063208768
#  fatal error: Invalid layout of preloaded class
#
# JRE version: 7.0_07-b10
# Java VM: Java HotSpot(TM) Server VM (23.3-b01 mixed mode linux-x86 )
# Failed to write core dump. Core dumps have been disabled. To enable core dumping, try "ulimit -c unlimited" before starting Java again
#
# If you would like to submit a bug report, please visit:
#   http://bugreport.sun.com/bugreport/crash.jsp
#

---------------  T H R E A D  ---------------

Current thread (0xb6706400):  JavaThread "Unknown thread" [_thread_in_vm, id=5645, stack(0xb68fd000,0xb694e000)]

Stack: [0xb68fd000,0xb694e000],  sp=0xb694cd90,  free space=319k
Native frames: (J=compiled Java code, j=interpreted, Vv=VM code, C=native code)
V  [libjvm.so+0x7201e9]  VMError::report_and_die()+0x199
V  [libjvm.so+0x2e8cac]  report_fatal(char const*, int, char const*)+0x4c
V  [libjvm.so+0x4167c0]  compute_offset(int&, klassOopDesc*, Symbol*, Symbol*, bool)+0x110
V  [libjvm.so+0x41ad54]  java_lang_String::compute_offsets()+0x44
V  [libjvm.so+0x6b54d5]  SystemDictionary::initialize_preloaded_classes(Thread*)+0x225
V  [libjvm.so+0x6fcfd8]  Universe::genesis(Thread*)+0x3f8
V  [libjvm.so+0x6fd44f]  universe2_init()+0x1f
V  [libjvm.so+0x3dc9f0]  init_globals()+0xa0
V  [libjvm.so+0x6e49c9]  Threads::create_vm(JavaVMInitArgs*, bool*)+0x1f9
V  [libjvm.so+0x42433c]  JNI_CreateJavaVM+0x5c
C  [libjli.so+0x2a61]  JavaMain+0xa1
C  [libpthread.so.0+0x6d4c]  start_thread+0xcc


---------------  P R O C E S S  ---------------

Java Threads: ( => current thread )

Other Threads:

=>0xb6706400 (exited) JavaThread "Unknown thread" [_thread_in_vm, id=5645, stack(0xb68fd000,0xb694e000)]

VM state:not at safepoint (not fully initialized)

VM Mutex/Monitor currently owned by a thread: None

GC Heap History (0 events):
No events

Deoptimization events (0 events):
No events

Internal exceptions (0 events):
No events

Events (10 events):
Event: 0.008 loading class 0xb67315a8 done
Event: 0.008 loading class 0xb6730ee8 done
Event: 0.008 loading class 0xb6730ec0
Event: 0.008 loading class 0xb6750c28
Event: 0.009 loading class 0xb6750c28 done
Event: 0.009 loading class 0xb6750c60
Event: 0.009 loading class 0xb6750c60 done
Event: 0.009 loading class 0xb6750c98
Event: 0.009 loading class 0xb6750c98 done
Event: 0.009 loading class 0xb6730ec0 done


Dynamic libraries:
08048000-08049000 r-xp 00000000 08:07 938311     /usr/local/glassfish3/jdk7/bin/java
08049000-0804a000 rw-p 00000000 08:07 938311     /usr/local/glassfish3/jdk7/bin/java
0918d000-091ae000 rw-p 00000000 00:00 0          [heap]
6d070000-6d246000 rw-p 00000000 00:00 0 
6d246000-6d308000 r--s 010c7000 08:07 531825     /home/alexis/android-sdk-linux/platforms/android-16/android.jar
6d308000-6ff00000 rw-p 00000000 00:00 0 
6ff00000-6ff21000 rw-p 00000000 00:00 0 
6ff21000-70000000 ---p 00000000 00:00 0 
7007f000-70080000 ---p 00000000 00:00 0 
70080000-70100000 rw-p 00000000 00:00 0 
70100000-70121000 rw-p 00000000 00:00 0 
70121000-70200000 ---p 00000000 00:00 0 
70256000-70257000 ---p 00000000 00:00 0 
70257000-702ec000 rw-p 00000000 00:00 0 
702ec000-70427000 rw-p 00000000 00:00 0 
70427000-7042f000 rw-p 00000000 00:00 0 
7042f000-70447000 rw-p 00000000 00:00 0 
70447000-7045c000 rw-p 00000000 00:00 0 
7045c000-70597000 rw-p 00000000 00:00 0 
70597000-705a2000 rw-p 00000000 00:00 0 
705a2000-7063f000 rw-p 00000000 00:00 0 
7063f000-71640000 rw-p 00000000 00:00 0 
71640000-74640000 rw-p 00000000 00:00 0 
74640000-77040000 rw-p 00000000 00:00 0 
77040000-9e640000 rw-p 00000000 00:00 0 
9e640000-9fb30000 rw-p 00000000 00:00 0 
9fb30000-b3640000 rw-p 00000000 00:00 0 
b3640000-b3649000 rw-p 00000000 00:00 0 
b3649000-b3700000 rw-p 00000000 00:00 0 
b3700000-b3940000 rwxp 00000000 00:00 0 
b3940000-b6762000 rw-p 00000000 00:00 0 
b6762000-b6800000 ---p 00000000 00:00 0 
b6823000-b684e000 rw-p 00000000 00:00 0 
b684e000-b6866000 rw-p 00000000 00:00 0 
b6866000-b687d000 r-xp 00000000 08:07 1069067    /usr/local/glassfish3/jdk7/jre/lib/i386/libzip.so
b687d000-b687e000 rw-p 00017000 08:07 1069067    /usr/local/glassfish3/jdk7/jre/lib/i386/libzip.so
b687e000-b6889000 r-xp 00000000 08:07 1587657    /lib/i386-linux-gnu/libnss_files-2.15.so
b6889000-b688a000 r--p 0000a000 08:07 1587657    /lib/i386-linux-gnu/libnss_files-2.15.so
b688a000-b688b000 rw-p 0000b000 08:07 1587657    /lib/i386-linux-gnu/libnss_files-2.15.so
b688b000-b6895000 r-xp 00000000 08:07 1587661    /lib/i386-linux-gnu/libnss_nis-2.15.so
b6895000-b6896000 r--p 00009000 08:07 1587661    /lib/i386-linux-gnu/libnss_nis-2.15.so
b6896000-b6897000 rw-p 0000a000 08:07 1587661    /lib/i386-linux-gnu/libnss_nis-2.15.so
b6897000-b68ad000 r-xp 00000000 08:07 1587673    /lib/i386-linux-gnu/libnsl-2.15.so
b68ad000-b68ae000 r--p 00015000 08:07 1587673    /lib/i386-linux-gnu/libnsl-2.15.so
b68ae000-b68af000 rw-p 00016000 08:07 1587673    /lib/i386-linux-gnu/libnsl-2.15.so
b68af000-b68b1000 rw-p 00000000 00:00 0 
b68b1000-b68b8000 r-xp 00000000 08:07 1587655    /lib/i386-linux-gnu/libnss_compat-2.15.so
b68b8000-b68b9000 r--p 00006000 08:07 1587655    /lib/i386-linux-gnu/libnss_compat-2.15.so
b68b9000-b68ba000 rw-p 00007000 08:07 1587655    /lib/i386-linux-gnu/libnss_compat-2.15.so
b68cf000-b68d0000 rw-p 00000000 00:00 0 
b68d0000-b68f3000 r-xp 00000000 08:07 1069084    /usr/local/glassfish3/jdk7/jre/lib/i386/libjava.so
b68f3000-b68f4000 rw-p 00023000 08:07 1069084    /usr/local/glassfish3/jdk7/jre/lib/i386/libjava.so
b68f4000-b68fb000 r-xp 00000000 08:07 1587660    /lib/i386-linux-gnu/librt-2.15.so
b68fb000-b68fc000 r--p 00006000 08:07 1587660    /lib/i386-linux-gnu/librt-2.15.so
b68fc000-b68fd000 rw-p 00007000 08:07 1587660    /lib/i386-linux-gnu/librt-2.15.so
b68fd000-b6900000 ---p 00000000 00:00 0 
b6900000-b694e000 rw-p 00000000 00:00 0 
b694e000-b6978000 r-xp 00000000 08:07 1587664    /lib/i386-linux-gnu/libm-2.15.so
b6978000-b6979000 r--p 00029000 08:07 1587664    /lib/i386-linux-gnu/libm-2.15.so
b6979000-b697a000 rw-p 0002a000 08:07 1587664    /lib/i386-linux-gnu/libm-2.15.so
b697a000-b7133000 r-xp 00000000 08:07 1194426    /usr/local/glassfish3/jdk7/jre/lib/i386/server/libjvm.so
b7133000-b7185000 rw-p 007b8000 08:07 1194426    /usr/local/glassfish3/jdk7/jre/lib/i386/server/libjvm.so
b7185000-b75a8000 rw-p 00000000 00:00 0 
b75a8000-b774b000 r-xp 00000000 08:07 1582263    /lib/i386-linux-gnu/libc-2.15.so
b774b000-b774c000 ---p 001a3000 08:07 1582263    /lib/i386-linux-gnu/libc-2.15.so
b774c000-b774e000 r--p 001a3000 08:07 1582263    /lib/i386-linux-gnu/libc-2.15.so
b774e000-b774f000 rw-p 001a5000 08:07 1582263    /lib/i386-linux-gnu/libc-2.15.so
b774f000-b7752000 rw-p 00000000 00:00 0 
b7752000-b7755000 r-xp 00000000 08:07 1587668    /lib/i386-linux-gnu/libdl-2.15.so
b7755000-b7756000 r--p 00002000 08:07 1587668    /lib/i386-linux-gnu/libdl-2.15.so
b7756000-b7757000 rw-p 00003000 08:07 1587668    /lib/i386-linux-gnu/libdl-2.15.so
b7757000-b776a000 r-xp 00000000 08:07 1069044    /usr/local/glassfish3/jdk7/jre/lib/i386/jli/libjli.so
b776a000-b776b000 rw-p 00012000 08:07 1069044    /usr/local/glassfish3/jdk7/jre/lib/i386/jli/libjli.so
b776b000-b776c000 rw-p 00000000 00:00 0 
b776c000-b7783000 r-xp 00000000 08:07 1587662    /lib/i386-linux-gnu/libpthread-2.15.so
b7783000-b7784000 r--p 00016000 08:07 1587662    /lib/i386-linux-gnu/libpthread-2.15.so
b7784000-b7785000 rw-p 00017000 08:07 1587662    /lib/i386-linux-gnu/libpthread-2.15.so
b7785000-b7787000 rw-p 00000000 00:00 0 
b7787000-b778f000 rw-s 00000000 08:07 294852     /tmp/hsperfdata_alexis/5643
b778f000-b7790000 rw-p 00000000 00:00 0 
b7790000-b7791000 r--p 00000000 00:00 0 
b7791000-b779c000 r-xp 00000000 08:07 1069037    /usr/local/glassfish3/jdk7/jre/lib/i386/libverify.so
b779c000-b779d000 rw-p 0000b000 08:07 1069037    /usr/local/glassfish3/jdk7/jre/lib/i386/libverify.so
b779d000-b779f000 rw-p 00000000 00:00 0 
b779f000-b77a0000 r-xp 00000000 00:00 0          [vdso]
b77a0000-b77c0000 r-xp 00000000 08:07 1587665    /lib/i386-linux-gnu/ld-2.15.so
b77c0000-b77c1000 r--p 0001f000 08:07 1587665    /lib/i386-linux-gnu/ld-2.15.so
b77c1000-b77c2000 rw-p 00020000 08:07 1587665    /lib/i386-linux-gnu/ld-2.15.so
bfbb3000-bfbd4000 rw-p 00000000 00:00 0          [stack]

VM Arguments:
jvm_args: -Dfile.encoding=UTF-8 -Xbootclasspath:/home/alexis/android-sdk-linux/platforms/android-16/android.jar 
java_command: org.uestc.translator.core.Translator
Launcher Type: SUN_STANDARD

Environment Variables:
JAVA_HOME=/usr/local/glassfish3/jdk7
CLASSPATH=.:/usr/local/glassfish3/jdk7/lib/dt.jar:/usr/local/glassfish3/jdk7/lib/tools.jar
PATH=/usr/local/glassfish3/jdk7/bin:/usr/lib/lightdm/lightdm:/usr/local/sbin:/usr/local/bin:/usr/sbin:/usr/bin:/sbin:/bin:/usr/games
LD_LIBRARY_PATH=/usr/local/glassfish3/jdk7/jre/lib/i386/server:/usr/local/glassfish3/jdk7/jre/lib/i386:/usr/local/glassfish3/jdk7/jre/../lib/i386:/usr/local/glassfish3/jdk7/jre/lib/i386/client:/usr/local/glassfish3/jdk7/jre/lib/i386:
SHELL=/bin/bash
DISPLAY=:0.0

Signal Handlers:
SIGSEGV: [libjvm.so+0x720d30], sa_mask[0]=0x7ffbfeff, sa_flags=0x10000004
SIGBUS: [libjvm.so+0x720d30], sa_mask[0]=0x7ffbfeff, sa_flags=0x10000004
SIGFPE: [libjvm.so+0x5d9b80], sa_mask[0]=0x7ffbfeff, sa_flags=0x10000004
SIGPIPE: [libjvm.so+0x5d9b80], sa_mask[0]=0x7ffbfeff, sa_flags=0x10000004
SIGXFSZ: [libjvm.so+0x5d9b80], sa_mask[0]=0x7ffbfeff, sa_flags=0x10000004
SIGILL: [libjvm.so+0x5d9b80], sa_mask[0]=0x7ffbfeff, sa_flags=0x10000004
SIGUSR1: SIG_DFL, sa_mask[0]=0x00000000, sa_flags=0x00000000
SIGUSR2: [libjvm.so+0x5d9460], sa_mask[0]=0x00000004, sa_flags=0x10000004
SIGHUP: SIG_DFL, sa_mask[0]=0x00000000, sa_flags=0x00000000
SIGINT: SIG_DFL, sa_mask[0]=0x00000000, sa_flags=0x00000000
SIGTERM: SIG_DFL, sa_mask[0]=0x00000000, sa_flags=0x00000000
SIGQUIT: SIG_DFL, sa_mask[0]=0x00000000, sa_flags=0x00000000


---------------  S Y S T E M  ---------------

OS:wheezy/sid

uname:Linux 3.2.0-36-generic-pae #57-Ubuntu SMP Tue Jan 8 22:01:06 UTC 2013 i686
libc:glibc 2.15 NPTL 2.15 
rlimit: STACK 8192k, CORE 0k, NPROC 32079, NOFILE 4096, AS infinity
load average:0.52 0.38 0.44

/proc/meminfo:
MemTotal:        4121288 kB
MemFree:         1196732 kB
Buffers:          441292 kB
Cached:           733412 kB
SwapCached:            0 kB
Active:          1626612 kB
Inactive:         941224 kB
Active(anon):    1191860 kB
Inactive(anon):   208368 kB
Active(file):     434752 kB
Inactive(file):   732856 kB
Unevictable:          16 kB
Mlocked:              16 kB
HighTotal:       3280520 kB
HighFree:        1124408 kB
LowTotal:         840768 kB
LowFree:           72324 kB
SwapTotal:        266236 kB
SwapFree:         266236 kB
Dirty:                60 kB
Writeback:             0 kB
AnonPages:       1393240 kB
Mapped:           184256 kB
Shmem:              7096 kB
Slab:             306852 kB
SReclaimable:     282764 kB
SUnreclaim:        24088 kB
KernelStack:        4080 kB
PageTables:        15204 kB
NFS_Unstable:          0 kB
Bounce:                0 kB
WritebackTmp:          0 kB
CommitLimit:     2326880 kB
Committed_AS:    5876284 kB
VmallocTotal:     122880 kB
VmallocUsed:       50584 kB
VmallocChunk:      61716 kB
HardwareCorrupted:     0 kB
AnonHugePages:         0 kB
HugePages_Total:       0
HugePages_Free:        0
HugePages_Rsvd:        0
HugePages_Surp:        0
Hugepagesize:       2048 kB
DirectMap4k:      180216 kB
DirectMap2M:      733184 kB


CPU:total 2 (2 cores per cpu, 1 threads per core) family 6 model 23 stepping 10, cmov, cx8, fxsr, mmx, sse, sse2, sse3, ssse3, sse4.1, tsc

/proc/cpuinfo:
processor	: 0
vendor_id	: GenuineIntel
cpu family	: 6
model		: 23
model name	: Intel(R) Core(TM)2 Duo CPU     T6600  @ 2.20GHz
stepping	: 10
microcode	: 0xa07
cpu MHz		: 2200.000
cache size	: 2048 KB
physical id	: 0
siblings	: 2
core id		: 0
cpu cores	: 2
apicid		: 0
initial apicid	: 0
fdiv_bug	: no
hlt_bug		: no
f00f_bug	: no
coma_bug	: no
fpu		: yes
fpu_exception	: yes
cpuid level	: 13
wp		: yes
flags		: fpu vme de pse tsc msr pae mce cx8 apic sep mtrr pge mca cmov pat pse36 clflush dts acpi mmx fxsr sse sse2 ss ht tm pbe nx lm constant_tsc arch_perfmon pebs bts aperfmperf pni dtes64 monitor ds_cpl est tm2 ssse3 cx16 xtpr pdcm sse4_1 xsave lahf_lm dtherm
bogomips	: 4388.98
clflush size	: 64
cache_alignment	: 64
address sizes	: 36 bits physical, 48 bits virtual
power management:

processor	: 1
vendor_id	: GenuineIntel
cpu family	: 6
model		: 23
model name	: Intel(R) Core(TM)2 Duo CPU     T6600  @ 2.20GHz
stepping	: 10
microcode	: 0xa07
cpu MHz		: 2200.000
cache size	: 2048 KB
physical id	: 0
siblings	: 2
core id		: 1
cpu cores	: 2
apicid		: 1
initial apicid	: 1
fdiv_bug	: no
hlt_bug		: no
f00f_bug	: no
coma_bug	: no
fpu		: yes
fpu_exception	: yes
cpuid level	: 13
wp		: yes
flags		: fpu vme de pse tsc msr pae mce cx8 apic sep mtrr pge mca cmov pat pse36 clflush dts acpi mmx fxsr sse sse2 ss ht tm pbe nx lm constant_tsc arch_perfmon pebs bts aperfmperf pni dtes64 monitor ds_cpl est tm2 ssse3 cx16 xtpr pdcm sse4_1 xsave lahf_lm dtherm
bogomips	: 4388.95
clflush size	: 64
cache_alignment	: 64
address sizes	: 36 bits physical, 48 bits virtual
power management:



Memory: 4k page, physical 4121288k(1196732k free), swap 266236k(266236k free)

vm_info: Java HotSpot(TM) Server VM (23.3-b01) for linux-x86 JRE (1.7.0_07-b10), built on Aug 28 2012 18:02:17 by "java_re" with gcc 4.3.0 20080428 (Red Hat 4.3.0-8)

time: Sun Mar 24 20:46:54 2013
elapsed time: 0 seconds

