#
# A fatal error has been detected by the Java Runtime Environment:
#
#  Internal Error (javaClasses.cpp:129), pid=5592, tid=3062455104
#  fatal error: Invalid layout of preloaded class
#
# JRE version: 7.0_07-b10
# Java VM: Java HotSpot(TM) Server VM (23.3-b01 mixed mode linux-x86 )
# Failed to write core dump. Core dumps have been disabled. To enable core dumping, try "ulimit -c unlimited" before starting Java again
#
# If you would like to submit a bug report, please visit:
#   http://bugreport.sun.com/bugreport/crash.jsp
#

---------------  T H R E A D  ---------------

Current thread (0xb6706400):  JavaThread "Unknown thread" [_thread_in_vm, id=5595, stack(0xb6845000,0xb6896000)]

Stack: [0xb6845000,0xb6896000],  sp=0xb6894d90,  free space=319k
Native frames: (J=compiled Java code, j=interpreted, Vv=VM code, C=native code)
V  [libjvm.so+0x7201e9]  VMError::report_and_die()+0x199
V  [libjvm.so+0x2e8cac]  report_fatal(char const*, int, char const*)+0x4c
V  [libjvm.so+0x4167c0]  compute_offset(int&, klassOopDesc*, Symbol*, Symbol*, bool)+0x110
V  [libjvm.so+0x41ad54]  java_lang_String::compute_offsets()+0x44
V  [libjvm.so+0x6b54d5]  SystemDictionary::initialize_preloaded_classes(Thread*)+0x225
V  [libjvm.so+0x6fcfd8]  Universe::genesis(Thread*)+0x3f8
V  [libjvm.so+0x6fd44f]  universe2_init()+0x1f
V  [libjvm.so+0x3dc9f0]  init_globals()+0xa0
V  [libjvm.so+0x6e49c9]  Threads::create_vm(JavaVMInitArgs*, bool*)+0x1f9
V  [libjvm.so+0x42433c]  JNI_CreateJavaVM+0x5c
C  [libjli.so+0x2a61]  JavaMain+0xa1
C  [libpthread.so.0+0x6d4c]  start_thread+0xcc


---------------  P R O C E S S  ---------------

Java Threads: ( => current thread )

Other Threads:

=>0xb6706400 (exited) JavaThread "Unknown thread" [_thread_in_vm, id=5595, stack(0xb6845000,0xb6896000)]

VM state:not at safepoint (not fully initialized)

VM Mutex/Monitor currently owned by a thread: None

GC Heap History (0 events):
No events

Deoptimization events (0 events):
No events

Internal exceptions (0 events):
No events

Events (10 events):
Event: 0.008 loading class 0xb67315a8 done
Event: 0.009 loading class 0xb6730ee8 done
Event: 0.009 loading class 0xb6730ec0
Event: 0.009 loading class 0xb6750c28
Event: 0.009 loading class 0xb6750c28 done
Event: 0.009 loading class 0xb6750c60
Event: 0.009 loading class 0xb6750c60 done
Event: 0.009 loading class 0xb6750c98
Event: 0.009 loading class 0xb6750c98 done
Event: 0.009 loading class 0xb6730ec0 done


Dynamic libraries:
08048000-08049000 r-xp 00000000 08:07 938311     /usr/local/glassfish3/jdk7/bin/java
08049000-0804a000 rw-p 00000000 08:07 938311     /usr/local/glassfish3/jdk7/bin/java
09981000-099a2000 rw-p 00000000 00:00 0          [heap]
6d032000-6fe00000 rw-p 00000000 00:00 0 
6fe00000-6fe21000 rw-p 00000000 00:00 0 
6fe21000-6ff00000 ---p 00000000 00:00 0 
6ff3e000-70000000 r--s 010c7000 08:07 531825     /home/alexis/android-sdk-linux/platforms/android-16/android.jar
70000000-70021000 rw-p 00000000 00:00 0 
70021000-70100000 ---p 00000000 00:00 0 
70152000-70175000 rw-p 00000000 00:00 0 
70175000-70176000 ---p 00000000 00:00 0 
70176000-701f6000 rw-p 00000000 00:00 0 
701f6000-701f7000 ---p 00000000 00:00 0 
701f7000-7027f000 rw-p 00000000 00:00 0 
7027f000-70297000 rw-p 00000000 00:00 0 
70297000-702ac000 rw-p 00000000 00:00 0 
702ac000-703e7000 rw-p 00000000 00:00 0 
703e7000-703ef000 rw-p 00000000 00:00 0 
703ef000-70407000 rw-p 00000000 00:00 0 
70407000-7041c000 rw-p 00000000 00:00 0 
7041c000-70557000 rw-p 00000000 00:00 0 
70557000-70562000 rw-p 00000000 00:00 0 
70562000-705ff000 rw-p 00000000 00:00 0 
705ff000-71600000 rw-p 00000000 00:00 0 
71600000-74600000 rw-p 00000000 00:00 0 
74600000-77000000 rw-p 00000000 00:00 0 
77000000-9e600000 rw-p 00000000 00:00 0 
9e600000-9faf0000 rw-p 00000000 00:00 0 
9faf0000-b3600000 rw-p 00000000 00:00 0 
b3603000-b360d000 rw-p 00000000 00:00 0 
b360d000-b36c4000 rw-p 00000000 00:00 0 
b36c4000-b3904000 rwxp 00000000 00:00 0 
b3904000-b66c4000 rw-p 00000000 00:00 0 
b66c4000-b66cf000 r-xp 00000000 08:07 1587657    /lib/i386-linux-gnu/libnss_files-2.15.so
b66cf000-b66d0000 r--p 0000a000 08:07 1587657    /lib/i386-linux-gnu/libnss_files-2.15.so
b66d0000-b66d1000 rw-p 0000b000 08:07 1587657    /lib/i386-linux-gnu/libnss_files-2.15.so
b66d1000-b66db000 r-xp 00000000 08:07 1587661    /lib/i386-linux-gnu/libnss_nis-2.15.so
b66db000-b66dc000 r--p 00009000 08:07 1587661    /lib/i386-linux-gnu/libnss_nis-2.15.so
b66dc000-b66dd000 rw-p 0000a000 08:07 1587661    /lib/i386-linux-gnu/libnss_nis-2.15.so
b66dd000-b66f3000 r-xp 00000000 08:07 1587673    /lib/i386-linux-gnu/libnsl-2.15.so
b66f3000-b66f4000 r--p 00015000 08:07 1587673    /lib/i386-linux-gnu/libnsl-2.15.so
b66f4000-b66f5000 rw-p 00016000 08:07 1587673    /lib/i386-linux-gnu/libnsl-2.15.so
b66f5000-b66f7000 rw-p 00000000 00:00 0 
b66f7000-b66fe000 r-xp 00000000 08:07 1587655    /lib/i386-linux-gnu/libnss_compat-2.15.so
b66fe000-b66ff000 r--p 00006000 08:07 1587655    /lib/i386-linux-gnu/libnss_compat-2.15.so
b66ff000-b6700000 rw-p 00007000 08:07 1587655    /lib/i386-linux-gnu/libnss_compat-2.15.so
b6700000-b6762000 rw-p 00000000 00:00 0 
b6762000-b6800000 ---p 00000000 00:00 0 
b6800000-b6817000 r-xp 00000000 08:07 1069067    /usr/local/glassfish3/jdk7/jre/lib/i386/libzip.so
b6817000-b6818000 rw-p 00017000 08:07 1069067    /usr/local/glassfish3/jdk7/jre/lib/i386/libzip.so
b6818000-b683b000 r-xp 00000000 08:07 1069084    /usr/local/glassfish3/jdk7/jre/lib/i386/libjava.so
b683b000-b683c000 rw-p 00023000 08:07 1069084    /usr/local/glassfish3/jdk7/jre/lib/i386/libjava.so
b683c000-b6843000 r-xp 00000000 08:07 1587660    /lib/i386-linux-gnu/librt-2.15.so
b6843000-b6844000 r--p 00006000 08:07 1587660    /lib/i386-linux-gnu/librt-2.15.so
b6844000-b6845000 rw-p 00007000 08:07 1587660    /lib/i386-linux-gnu/librt-2.15.so
b6845000-b6848000 ---p 00000000 00:00 0 
b6848000-b6896000 rw-p 00000000 00:00 0 
b6896000-b68c0000 r-xp 00000000 08:07 1587664    /lib/i386-linux-gnu/libm-2.15.so
b68c0000-b68c1000 r--p 00029000 08:07 1587664    /lib/i386-linux-gnu/libm-2.15.so
b68c1000-b68c2000 rw-p 0002a000 08:07 1587664    /lib/i386-linux-gnu/libm-2.15.so
b68c2000-b707b000 r-xp 00000000 08:07 1194426    /usr/local/glassfish3/jdk7/jre/lib/i386/server/libjvm.so
b707b000-b70cd000 rw-p 007b8000 08:07 1194426    /usr/local/glassfish3/jdk7/jre/lib/i386/server/libjvm.so
b70cd000-b74f0000 rw-p 00000000 00:00 0 
b74f0000-b7693000 r-xp 00000000 08:07 1582263    /lib/i386-linux-gnu/libc-2.15.so
b7693000-b7694000 ---p 001a3000 08:07 1582263    /lib/i386-linux-gnu/libc-2.15.so
b7694000-b7696000 r--p 001a3000 08:07 1582263    /lib/i386-linux-gnu/libc-2.15.so
b7696000-b7697000 rw-p 001a5000 08:07 1582263    /lib/i386-linux-gnu/libc-2.15.so
b7697000-b769a000 rw-p 00000000 00:00 0 
b769a000-b769d000 r-xp 00000000 08:07 1587668    /lib/i386-linux-gnu/libdl-2.15.so
b769d000-b769e000 r--p 00002000 08:07 1587668    /lib/i386-linux-gnu/libdl-2.15.so
b769e000-b769f000 rw-p 00003000 08:07 1587668    /lib/i386-linux-gnu/libdl-2.15.so
b769f000-b76b2000 r-xp 00000000 08:07 1069044    /usr/local/glassfish3/jdk7/jre/lib/i386/jli/libjli.so
b76b2000-b76b3000 rw-p 00012000 08:07 1069044    /usr/local/glassfish3/jdk7/jre/lib/i386/jli/libjli.so
b76b3000-b76b4000 rw-p 00000000 00:00 0 
b76b4000-b76cb000 r-xp 00000000 08:07 1587662    /lib/i386-linux-gnu/libpthread-2.15.so
b76cb000-b76cc000 r--p 00016000 08:07 1587662    /lib/i386-linux-gnu/libpthread-2.15.so
b76cc000-b76cd000 rw-p 00017000 08:07 1587662    /lib/i386-linux-gnu/libpthread-2.15.so
b76cd000-b76cf000 rw-p 00000000 00:00 0 
b76cf000-b76d7000 rw-s 00000000 08:07 294852     /tmp/hsperfdata_alexis/5592
b76d7000-b76d8000 rw-p 00000000 00:00 0 
b76d8000-b76d9000 r--p 00000000 00:00 0 
b76d9000-b76e4000 r-xp 00000000 08:07 1069037    /usr/local/glassfish3/jdk7/jre/lib/i386/libverify.so
b76e4000-b76e5000 rw-p 0000b000 08:07 1069037    /usr/local/glassfish3/jdk7/jre/lib/i386/libverify.so
b76e5000-b76e7000 rw-p 00000000 00:00 0 
b76e7000-b76e8000 r-xp 00000000 00:00 0          [vdso]
b76e8000-b7708000 r-xp 00000000 08:07 1587665    /lib/i386-linux-gnu/ld-2.15.so
b7708000-b7709000 r--p 0001f000 08:07 1587665    /lib/i386-linux-gnu/ld-2.15.so
b7709000-b770a000 rw-p 00020000 08:07 1587665    /lib/i386-linux-gnu/ld-2.15.so
bfcbd000-bfcde000 rw-p 00000000 00:00 0          [stack]

VM Arguments:
jvm_args: -Dfile.encoding=UTF-8 -Xbootclasspath:/home/alexis/android-sdk-linux/platforms/android-16/android.jar 
java_command: org.uestc.translator.core.Translator
Launcher Type: SUN_STANDARD

Environment Variables:
JAVA_HOME=/usr/local/glassfish3/jdk7
CLASSPATH=.:/usr/local/glassfish3/jdk7/lib/dt.jar:/usr/local/glassfish3/jdk7/lib/tools.jar
PATH=/usr/local/glassfish3/jdk7/bin:/usr/lib/lightdm/lightdm:/usr/local/sbin:/usr/local/bin:/usr/sbin:/usr/bin:/sbin:/bin:/usr/games
LD_LIBRARY_PATH=/usr/local/glassfish3/jdk7/jre/lib/i386/server:/usr/local/glassfish3/jdk7/jre/lib/i386:/usr/local/glassfish3/jdk7/jre/../lib/i386:/usr/local/glassfish3/jdk7/jre/lib/i386/client:/usr/local/glassfish3/jdk7/jre/lib/i386:
SHELL=/bin/bash
DISPLAY=:0.0

Signal Handlers:
SIGSEGV: [libjvm.so+0x720d30], sa_mask[0]=0x7ffbfeff, sa_flags=0x10000004
SIGBUS: [libjvm.so+0x720d30], sa_mask[0]=0x7ffbfeff, sa_flags=0x10000004
SIGFPE: [libjvm.so+0x5d9b80], sa_mask[0]=0x7ffbfeff, sa_flags=0x10000004
SIGPIPE: [libjvm.so+0x5d9b80], sa_mask[0]=0x7ffbfeff, sa_flags=0x10000004
SIGXFSZ: [libjvm.so+0x5d9b80], sa_mask[0]=0x7ffbfeff, sa_flags=0x10000004
SIGILL: [libjvm.so+0x5d9b80], sa_mask[0]=0x7ffbfeff, sa_flags=0x10000004
SIGUSR1: SIG_DFL, sa_mask[0]=0x00000000, sa_flags=0x00000000
SIGUSR2: [libjvm.so+0x5d9460], sa_mask[0]=0x00000004, sa_flags=0x10000004
SIGHUP: SIG_DFL, sa_mask[0]=0x00000000, sa_flags=0x00000000
SIGINT: SIG_DFL, sa_mask[0]=0x00000000, sa_flags=0x00000000
SIGTERM: SIG_DFL, sa_mask[0]=0x00000000, sa_flags=0x00000000
SIGQUIT: SIG_DFL, sa_mask[0]=0x00000000, sa_flags=0x00000000


---------------  S Y S T E M  ---------------

OS:wheezy/sid

uname:Linux 3.2.0-36-generic-pae #57-Ubuntu SMP Tue Jan 8 22:01:06 UTC 2013 i686
libc:glibc 2.15 NPTL 2.15 
rlimit: STACK 8192k, CORE 0k, NPROC 32079, NOFILE 4096, AS infinity
load average:0.67 0.35 0.44

/proc/meminfo:
MemTotal:        4121288 kB
MemFree:         1202256 kB
Buffers:          441180 kB
Cached:           729128 kB
SwapCached:            0 kB
Active:          1620480 kB
Inactive:         941528 kB
Active(anon):    1190428 kB
Inactive(anon):   208368 kB
Active(file):     430052 kB
Inactive(file):   733160 kB
Unevictable:          16 kB
Mlocked:              16 kB
HighTotal:       3280520 kB
HighFree:        1129988 kB
LowTotal:         840768 kB
LowFree:           72268 kB
SwapTotal:        266236 kB
SwapFree:         266236 kB
Dirty:               184 kB
Writeback:             0 kB
AnonPages:       1391756 kB
Mapped:           184404 kB
Shmem:              7096 kB
Slab:             306868 kB
SReclaimable:     282752 kB
SUnreclaim:        24116 kB
KernelStack:        4104 kB
PageTables:        15208 kB
NFS_Unstable:          0 kB
Bounce:                0 kB
WritebackTmp:          0 kB
CommitLimit:     2326880 kB
Committed_AS:    5873692 kB
VmallocTotal:     122880 kB
VmallocUsed:       50584 kB
VmallocChunk:      61716 kB
HardwareCorrupted:     0 kB
AnonHugePages:         0 kB
HugePages_Total:       0
HugePages_Free:        0
HugePages_Rsvd:        0
HugePages_Surp:        0
Hugepagesize:       2048 kB
DirectMap4k:      180216 kB
DirectMap2M:      733184 kB


CPU:total 2 (2 cores per cpu, 1 threads per core) family 6 model 23 stepping 10, cmov, cx8, fxsr, mmx, sse, sse2, sse3, ssse3, sse4.1, tsc

/proc/cpuinfo:
processor	: 0
vendor_id	: GenuineIntel
cpu family	: 6
model		: 23
model name	: Intel(R) Core(TM)2 Duo CPU     T6600  @ 2.20GHz
stepping	: 10
microcode	: 0xa07
cpu MHz		: 2200.000
cache size	: 2048 KB
physical id	: 0
siblings	: 2
core id		: 0
cpu cores	: 2
apicid		: 0
initial apicid	: 0
fdiv_bug	: no
hlt_bug		: no
f00f_bug	: no
coma_bug	: no
fpu		: yes
fpu_exception	: yes
cpuid level	: 13
wp		: yes
flags		: fpu vme de pse tsc msr pae mce cx8 apic sep mtrr pge mca cmov pat pse36 clflush dts acpi mmx fxsr sse sse2 ss ht tm pbe nx lm constant_tsc arch_perfmon pebs bts aperfmperf pni dtes64 monitor ds_cpl est tm2 ssse3 cx16 xtpr pdcm sse4_1 xsave lahf_lm dtherm
bogomips	: 4388.98
clflush size	: 64
cache_alignment	: 64
address sizes	: 36 bits physical, 48 bits virtual
power management:

processor	: 1
vendor_id	: GenuineIntel
cpu family	: 6
model		: 23
model name	: Intel(R) Core(TM)2 Duo CPU     T6600  @ 2.20GHz
stepping	: 10
microcode	: 0xa07
cpu MHz		: 2200.000
cache size	: 2048 KB
physical id	: 0
siblings	: 2
core id		: 1
cpu cores	: 2
apicid		: 1
initial apicid	: 1
fdiv_bug	: no
hlt_bug		: no
f00f_bug	: no
coma_bug	: no
fpu		: yes
fpu_exception	: yes
cpuid level	: 13
wp		: yes
flags		: fpu vme de pse tsc msr pae mce cx8 apic sep mtrr pge mca cmov pat pse36 clflush dts acpi mmx fxsr sse sse2 ss ht tm pbe nx lm constant_tsc arch_perfmon pebs bts aperfmperf pni dtes64 monitor ds_cpl est tm2 ssse3 cx16 xtpr pdcm sse4_1 xsave lahf_lm dtherm
bogomips	: 4388.95
clflush size	: 64
cache_alignment	: 64
address sizes	: 36 bits physical, 48 bits virtual
power management:



Memory: 4k page, physical 4121288k(1202256k free), swap 266236k(266236k free)

vm_info: Java HotSpot(TM) Server VM (23.3-b01) for linux-x86 JRE (1.7.0_07-b10), built on Aug 28 2012 18:02:17 by "java_re" with gcc 4.3.0 20080428 (Red Hat 4.3.0-8)

time: Sun Mar 24 20:45:30 2013
elapsed time: 0 seconds

