#
# A fatal error has been detected by the Java Runtime Environment:
#
#  Internal Error (javaClasses.cpp:129), pid=8301, tid=3063360320
#  fatal error: Invalid layout of preloaded class
#
# JRE version: 7.0_07-b10
# Java VM: Java HotSpot(TM) Server VM (23.3-b01 mixed mode linux-x86 )
# Failed to write core dump. Core dumps have been disabled. To enable core dumping, try "ulimit -c unlimited" before starting Java again
#
# If you would like to submit a bug report, please visit:
#   http://bugreport.sun.com/bugreport/crash.jsp
#

---------------  T H R E A D  ---------------

Current thread (0xb6807400):  JavaThread "Unknown thread" [_thread_in_vm, id=8307, stack(0xb6922000,0xb6973000)]

Stack: [0xb6922000,0xb6973000],  sp=0xb6971d90,  free space=319k
Native frames: (J=compiled Java code, j=interpreted, Vv=VM code, C=native code)
V  [libjvm.so+0x7201e9]  VMError::report_and_die()+0x199
V  [libjvm.so+0x2e8cac]  report_fatal(char const*, int, char const*)+0x4c
V  [libjvm.so+0x4167c0]  compute_offset(int&, klassOopDesc*, Symbol*, Symbol*, bool)+0x110
V  [libjvm.so+0x41ad54]  java_lang_String::compute_offsets()+0x44
V  [libjvm.so+0x6b54d5]  SystemDictionary::initialize_preloaded_classes(Thread*)+0x225
V  [libjvm.so+0x6fcfd8]  Universe::genesis(Thread*)+0x3f8
V  [libjvm.so+0x6fd44f]  universe2_init()+0x1f
V  [libjvm.so+0x3dc9f0]  init_globals()+0xa0
V  [libjvm.so+0x6e49c9]  Threads::create_vm(JavaVMInitArgs*, bool*)+0x1f9
V  [libjvm.so+0x42433c]  JNI_CreateJavaVM+0x5c
C  [libjli.so+0x2a61]  JavaMain+0xa1
C  [libpthread.so.0+0x6d4c]  start_thread+0xcc


---------------  P R O C E S S  ---------------

Java Threads: ( => current thread )

Other Threads:

=>0xb6807400 (exited) JavaThread "Unknown thread" [_thread_in_vm, id=8307, stack(0xb6922000,0xb6973000)]

VM state:not at safepoint (not fully initialized)

VM Mutex/Monitor currently owned by a thread: None

GC Heap History (0 events):
No events

Deoptimization events (0 events):
No events

Internal exceptions (0 events):
No events

Events (10 events):
Event: 0.024 loading class 0xb68325d8 done
Event: 0.025 loading class 0xb6831f18 done
Event: 0.025 loading class 0xb6831ef0
Event: 0.025 loading class 0xb6851c58
Event: 0.025 loading class 0xb6851c58 done
Event: 0.025 loading class 0xb6851c90
Event: 0.025 loading class 0xb6851c90 done
Event: 0.025 loading class 0xb6851cc8
Event: 0.025 loading class 0xb6851cc8 done
Event: 0.025 loading class 0xb6831ef0 done


Dynamic libraries:
08048000-08049000 r-xp 00000000 08:07 938311     /usr/local/glassfish3/jdk7/bin/java
08049000-0804a000 rw-p 00000000 08:07 938311     /usr/local/glassfish3/jdk7/bin/java
083c0000-083e1000 rw-p 00000000 00:00 0          [heap]
6d132000-6ff00000 rw-p 00000000 00:00 0 
6ff00000-6ff21000 rw-p 00000000 00:00 0 
6ff21000-70000000 ---p 00000000 00:00 0 
7003e000-70100000 r--s 010c7000 08:07 531825     /home/alexis/android-sdk-linux/platforms/android-16/android.jar
70100000-70121000 rw-p 00000000 00:00 0 
70121000-70200000 ---p 00000000 00:00 0 
70232000-70255000 rw-p 00000000 00:00 0 
70255000-70256000 ---p 00000000 00:00 0 
70256000-702d6000 rw-p 00000000 00:00 0 
702d6000-702d7000 ---p 00000000 00:00 0 
702d7000-7035f000 rw-p 00000000 00:00 0 
7035f000-70377000 rw-p 00000000 00:00 0 
70377000-7038c000 rw-p 00000000 00:00 0 
7038c000-704c7000 rw-p 00000000 00:00 0 
704c7000-704cf000 rw-p 00000000 00:00 0 
704cf000-704e7000 rw-p 00000000 00:00 0 
704e7000-704fc000 rw-p 00000000 00:00 0 
704fc000-70637000 rw-p 00000000 00:00 0 
70637000-70642000 rw-p 00000000 00:00 0 
70642000-706df000 rw-p 00000000 00:00 0 
706df000-716e0000 rw-p 00000000 00:00 0 
716e0000-746e0000 rw-p 00000000 00:00 0 
746e0000-770e0000 rw-p 00000000 00:00 0 
770e0000-9e6e0000 rw-p 00000000 00:00 0 
9e6e0000-9fbd0000 rw-p 00000000 00:00 0 
9fbd0000-b36e0000 rw-p 00000000 00:00 0 
b36e0000-b36e9000 rw-p 00000000 00:00 0 
b36e9000-b37a0000 rw-p 00000000 00:00 0 
b37a0000-b39e0000 rwxp 00000000 00:00 0 
b39e0000-b67a0000 rw-p 00000000 00:00 0 
b67a0000-b67ab000 r-xp 00000000 08:07 1587657    /lib/i386-linux-gnu/libnss_files-2.15.so
b67ab000-b67ac000 r--p 0000a000 08:07 1587657    /lib/i386-linux-gnu/libnss_files-2.15.so
b67ac000-b67ad000 rw-p 0000b000 08:07 1587657    /lib/i386-linux-gnu/libnss_files-2.15.so
b67ad000-b67b7000 r-xp 00000000 08:07 1587661    /lib/i386-linux-gnu/libnss_nis-2.15.so
b67b7000-b67b8000 r--p 00009000 08:07 1587661    /lib/i386-linux-gnu/libnss_nis-2.15.so
b67b8000-b67b9000 rw-p 0000a000 08:07 1587661    /lib/i386-linux-gnu/libnss_nis-2.15.so
b67b9000-b67cf000 r-xp 00000000 08:07 1587673    /lib/i386-linux-gnu/libnsl-2.15.so
b67cf000-b67d0000 r--p 00015000 08:07 1587673    /lib/i386-linux-gnu/libnsl-2.15.so
b67d0000-b67d1000 rw-p 00016000 08:07 1587673    /lib/i386-linux-gnu/libnsl-2.15.so
b67d1000-b67d3000 rw-p 00000000 00:00 0 
b67d3000-b67da000 r-xp 00000000 08:07 1587655    /lib/i386-linux-gnu/libnss_compat-2.15.so
b67da000-b67db000 r--p 00006000 08:07 1587655    /lib/i386-linux-gnu/libnss_compat-2.15.so
b67db000-b67dc000 rw-p 00007000 08:07 1587655    /lib/i386-linux-gnu/libnss_compat-2.15.so
b67dc000-b67ff000 r-xp 00000000 08:07 1069084    /usr/local/glassfish3/jdk7/jre/lib/i386/libjava.so
b67ff000-b6800000 rw-p 00023000 08:07 1069084    /usr/local/glassfish3/jdk7/jre/lib/i386/libjava.so
b6800000-b6863000 rw-p 00000000 00:00 0 
b6863000-b6900000 ---p 00000000 00:00 0 
b6900000-b6901000 rw-p 00000000 00:00 0 
b6901000-b6918000 r-xp 00000000 08:07 1069067    /usr/local/glassfish3/jdk7/jre/lib/i386/libzip.so
b6918000-b6919000 rw-p 00017000 08:07 1069067    /usr/local/glassfish3/jdk7/jre/lib/i386/libzip.so
b6919000-b6920000 r-xp 00000000 08:07 1587660    /lib/i386-linux-gnu/librt-2.15.so
b6920000-b6921000 r--p 00006000 08:07 1587660    /lib/i386-linux-gnu/librt-2.15.so
b6921000-b6922000 rw-p 00007000 08:07 1587660    /lib/i386-linux-gnu/librt-2.15.so
b6922000-b6925000 ---p 00000000 00:00 0 
b6925000-b6973000 rw-p 00000000 00:00 0 
b6973000-b699d000 r-xp 00000000 08:07 1587664    /lib/i386-linux-gnu/libm-2.15.so
b699d000-b699e000 r--p 00029000 08:07 1587664    /lib/i386-linux-gnu/libm-2.15.so
b699e000-b699f000 rw-p 0002a000 08:07 1587664    /lib/i386-linux-gnu/libm-2.15.so
b699f000-b7158000 r-xp 00000000 08:07 1194426    /usr/local/glassfish3/jdk7/jre/lib/i386/server/libjvm.so
b7158000-b71aa000 rw-p 007b8000 08:07 1194426    /usr/local/glassfish3/jdk7/jre/lib/i386/server/libjvm.so
b71aa000-b75cd000 rw-p 00000000 00:00 0 
b75cd000-b7770000 r-xp 00000000 08:07 1582263    /lib/i386-linux-gnu/libc-2.15.so
b7770000-b7771000 ---p 001a3000 08:07 1582263    /lib/i386-linux-gnu/libc-2.15.so
b7771000-b7773000 r--p 001a3000 08:07 1582263    /lib/i386-linux-gnu/libc-2.15.so
b7773000-b7774000 rw-p 001a5000 08:07 1582263    /lib/i386-linux-gnu/libc-2.15.so
b7774000-b7777000 rw-p 00000000 00:00 0 
b7777000-b777a000 r-xp 00000000 08:07 1587668    /lib/i386-linux-gnu/libdl-2.15.so
b777a000-b777b000 r--p 00002000 08:07 1587668    /lib/i386-linux-gnu/libdl-2.15.so
b777b000-b777c000 rw-p 00003000 08:07 1587668    /lib/i386-linux-gnu/libdl-2.15.so
b777c000-b778f000 r-xp 00000000 08:07 1069044    /usr/local/glassfish3/jdk7/jre/lib/i386/jli/libjli.so
b778f000-b7790000 rw-p 00012000 08:07 1069044    /usr/local/glassfish3/jdk7/jre/lib/i386/jli/libjli.so
b7790000-b7791000 rw-p 00000000 00:00 0 
b7791000-b77a8000 r-xp 00000000 08:07 1587662    /lib/i386-linux-gnu/libpthread-2.15.so
b77a8000-b77a9000 r--p 00016000 08:07 1587662    /lib/i386-linux-gnu/libpthread-2.15.so
b77a9000-b77aa000 rw-p 00017000 08:07 1587662    /lib/i386-linux-gnu/libpthread-2.15.so
b77aa000-b77ac000 rw-p 00000000 00:00 0 
b77ac000-b77b4000 rw-s 00000000 08:07 294852     /tmp/hsperfdata_alexis/8301
b77b4000-b77b5000 rw-p 00000000 00:00 0 
b77b5000-b77b6000 r--p 00000000 00:00 0 
b77b6000-b77c1000 r-xp 00000000 08:07 1069037    /usr/local/glassfish3/jdk7/jre/lib/i386/libverify.so
b77c1000-b77c2000 rw-p 0000b000 08:07 1069037    /usr/local/glassfish3/jdk7/jre/lib/i386/libverify.so
b77c2000-b77c4000 rw-p 00000000 00:00 0 
b77c4000-b77c5000 r-xp 00000000 00:00 0          [vdso]
b77c5000-b77e5000 r-xp 00000000 08:07 1587665    /lib/i386-linux-gnu/ld-2.15.so
b77e5000-b77e6000 r--p 0001f000 08:07 1587665    /lib/i386-linux-gnu/ld-2.15.so
b77e6000-b77e7000 rw-p 00020000 08:07 1587665    /lib/i386-linux-gnu/ld-2.15.so
bf8a6000-bf8c8000 rw-p 00000000 00:00 0          [stack]

VM Arguments:
jvm_args: -Dfile.encoding=UTF-8 -Xbootclasspath:/home/alexis/android-sdk-linux/platforms/android-16/android.jar 
java_command: org.uestc.translator.core.Validator
Launcher Type: SUN_STANDARD

Environment Variables:
JAVA_HOME=/usr/local/glassfish3/jdk7
CLASSPATH=.:/usr/local/glassfish3/jdk7/lib/dt.jar:/usr/local/glassfish3/jdk7/lib/tools.jar
PATH=/usr/local/glassfish3/jdk7/bin:/home/alexis/apache-ant-1.9.0/bin:/home/alexis/android-sdk-linux/tools:/usr/lib/lightdm/lightdm:/usr/local/sbin:/usr/local/bin:/usr/sbin:/usr/bin:/sbin:/bin:/usr/games
LD_LIBRARY_PATH=/usr/local/glassfish3/jdk7/jre/lib/i386/server:/usr/local/glassfish3/jdk7/jre/lib/i386:/usr/local/glassfish3/jdk7/jre/../lib/i386:/usr/local/glassfish3/jdk7/jre/lib/i386/client:/usr/local/glassfish3/jdk7/jre/lib/i386:
SHELL=/bin/bash
DISPLAY=:0.0

Signal Handlers:
SIGSEGV: [libjvm.so+0x720d30], sa_mask[0]=0x7ffbfeff, sa_flags=0x10000004
SIGBUS: [libjvm.so+0x720d30], sa_mask[0]=0x7ffbfeff, sa_flags=0x10000004
SIGFPE: [libjvm.so+0x5d9b80], sa_mask[0]=0x7ffbfeff, sa_flags=0x10000004
SIGPIPE: [libjvm.so+0x5d9b80], sa_mask[0]=0x7ffbfeff, sa_flags=0x10000004
SIGXFSZ: [libjvm.so+0x5d9b80], sa_mask[0]=0x7ffbfeff, sa_flags=0x10000004
SIGILL: [libjvm.so+0x5d9b80], sa_mask[0]=0x7ffbfeff, sa_flags=0x10000004
SIGUSR1: SIG_DFL, sa_mask[0]=0x00000000, sa_flags=0x00000000
SIGUSR2: [libjvm.so+0x5d9460], sa_mask[0]=0x00000004, sa_flags=0x10000004
SIGHUP: SIG_DFL, sa_mask[0]=0x00000000, sa_flags=0x00000000
SIGINT: SIG_DFL, sa_mask[0]=0x00000000, sa_flags=0x00000000
SIGTERM: SIG_DFL, sa_mask[0]=0x00000000, sa_flags=0x00000000
SIGQUIT: SIG_DFL, sa_mask[0]=0x00000000, sa_flags=0x00000000


---------------  S Y S T E M  ---------------

OS:wheezy/sid

uname:Linux 3.2.0-36-generic-pae #57-Ubuntu SMP Tue Jan 8 22:01:06 UTC 2013 i686
libc:glibc 2.15 NPTL 2.15 
rlimit: STACK 8192k, CORE 0k, NPROC 32079, NOFILE 4096, AS infinity
load average:0.26 0.38 0.47

/proc/meminfo:
MemTotal:        4121288 kB
MemFree:          701592 kB
Buffers:          452716 kB
Cached:          1099960 kB
SwapCached:            0 kB
Active:          2033540 kB
Inactive:        1034744 kB
Active(anon):    1394176 kB
Inactive(anon):   126600 kB
Active(file):     639364 kB
Inactive(file):   908144 kB
Unevictable:          16 kB
Mlocked:              16 kB
HighTotal:       3280520 kB
HighFree:         634236 kB
LowTotal:         840768 kB
LowFree:           67356 kB
SwapTotal:        266236 kB
SwapFree:         266236 kB
Dirty:               204 kB
Writeback:             0 kB
AnonPages:       1515800 kB
Mapped:           193920 kB
Shmem:              5108 kB
Slab:             296464 kB
SReclaimable:     273164 kB
SUnreclaim:        23300 kB
KernelStack:        4216 kB
PageTables:        16884 kB
NFS_Unstable:          0 kB
Bounce:                0 kB
WritebackTmp:          0 kB
CommitLimit:     2326880 kB
Committed_AS:    6362132 kB
VmallocTotal:     122880 kB
VmallocUsed:       50168 kB
VmallocChunk:      61716 kB
HardwareCorrupted:     0 kB
AnonHugePages:         0 kB
HugePages_Total:       0
HugePages_Free:        0
HugePages_Rsvd:        0
HugePages_Surp:        0
Hugepagesize:       2048 kB
DirectMap4k:      192504 kB
DirectMap2M:      720896 kB


CPU:total 2 (2 cores per cpu, 1 threads per core) family 6 model 23 stepping 10, cmov, cx8, fxsr, mmx, sse, sse2, sse3, ssse3, sse4.1, tsc

/proc/cpuinfo:
processor	: 0
vendor_id	: GenuineIntel
cpu family	: 6
model		: 23
model name	: Intel(R) Core(TM)2 Duo CPU     T6600  @ 2.20GHz
stepping	: 10
microcode	: 0xa07
cpu MHz		: 2200.000
cache size	: 2048 KB
physical id	: 0
siblings	: 2
core id		: 0
cpu cores	: 2
apicid		: 0
initial apicid	: 0
fdiv_bug	: no
hlt_bug		: no
f00f_bug	: no
coma_bug	: no
fpu		: yes
fpu_exception	: yes
cpuid level	: 13
wp		: yes
flags		: fpu vme de pse tsc msr pae mce cx8 apic sep mtrr pge mca cmov pat pse36 clflush dts acpi mmx fxsr sse sse2 ss ht tm pbe nx lm constant_tsc arch_perfmon pebs bts aperfmperf pni dtes64 monitor ds_cpl est tm2 ssse3 cx16 xtpr pdcm sse4_1 xsave lahf_lm dtherm
bogomips	: 4389.25
clflush size	: 64
cache_alignment	: 64
address sizes	: 36 bits physical, 48 bits virtual
power management:

processor	: 1
vendor_id	: GenuineIntel
cpu family	: 6
model		: 23
model name	: Intel(R) Core(TM)2 Duo CPU     T6600  @ 2.20GHz
stepping	: 10
microcode	: 0xa07
cpu MHz		: 2200.000
cache size	: 2048 KB
physical id	: 0
siblings	: 2
core id		: 1
cpu cores	: 2
apicid		: 1
initial apicid	: 1
fdiv_bug	: no
hlt_bug		: no
f00f_bug	: no
coma_bug	: no
fpu		: yes
fpu_exception	: yes
cpuid level	: 13
wp		: yes
flags		: fpu vme de pse tsc msr pae mce cx8 apic sep mtrr pge mca cmov pat pse36 clflush dts acpi mmx fxsr sse sse2 ss ht tm pbe nx lm constant_tsc arch_perfmon pebs bts aperfmperf pni dtes64 monitor ds_cpl est tm2 ssse3 cx16 xtpr pdcm sse4_1 xsave lahf_lm dtherm
bogomips	: 4388.95
clflush size	: 64
cache_alignment	: 64
address sizes	: 36 bits physical, 48 bits virtual
power management:



Memory: 4k page, physical 4121288k(701592k free), swap 266236k(266236k free)

vm_info: Java HotSpot(TM) Server VM (23.3-b01) for linux-x86 JRE (1.7.0_07-b10), built on Aug 28 2012 18:02:17 by "java_re" with gcc 4.3.0 20080428 (Red Hat 4.3.0-8)

time: Wed Apr  3 11:03:41 2013
elapsed time: 0 seconds

